make --dry-run --always-make --keep-going --print-directory
make: Entering directory `/Users/zurag/CLionProjects/minishell'
gcc -Wall -Wextra -Werror -MMD -g -march=native -O2 -pipe -I includes/ -o srcs/main.o -c srcs/main.c
gcc -Wall -Wextra -Werror -MMD -g -march=native -O2 -pipe -I includes/ -o srcs/parser.o -c srcs/parser.c
cd libft && /Applications/Xcode.app/Contents/Developer/usr/bin/make && mv libft.a ../libft.a
 
make[1]: Entering directory `/Users/zurag/CLionProjects/minishell/libft'
gcc -Wall -Wextra -Werror -MMD -I libft.h   -c -o ft_memset.o ft_memset.c
gcc -Wall -Wextra -Werror -MMD -I libft.h   -c -o ft_bzero.o ft_bzero.c
gcc -Wall -Wextra -Werror -MMD -I libft.h   -c -o ft_memcpy.o ft_memcpy.c
gcc -Wall -Wextra -Werror -MMD -I libft.h   -c -o ft_memccpy.o ft_memccpy.c
gcc -Wall -Wextra -Werror -MMD -I libft.h   -c -o ft_memmove.o ft_memmove.c
gcc -Wall -Wextra -Werror -MMD -I libft.h   -c -o ft_memchr.o ft_memchr.c
gcc -Wall -Wextra -Werror -MMD -I libft.h   -c -o ft_memcmp.o ft_memcmp.c
gcc -Wall -Wextra -Werror -MMD -I libft.h   -c -o ft_strlen.o ft_strlen.c
gcc -Wall -Wextra -Werror -MMD -I libft.h   -c -o ft_strlcpy.o ft_strlcpy.c
gcc -Wall -Wextra -Werror -MMD -I libft.h   -c -o ft_strlcat.o ft_strlcat.c
gcc -Wall -Wextra -Werror -MMD -I libft.h   -c -o ft_isalpha.o ft_isalpha.c
gcc -Wall -Wextra -Werror -MMD -I libft.h   -c -o ft_isdigit.o ft_isdigit.c
gcc -Wall -Wextra -Werror -MMD -I libft.h   -c -o ft_isalnum.o ft_isalnum.c
gcc -Wall -Wextra -Werror -MMD -I libft.h   -c -o ft_isascii.o ft_isascii.c
gcc -Wall -Wextra -Werror -MMD -I libft.h   -c -o ft_isprint.o ft_isprint.c
gcc -Wall -Wextra -Werror -MMD -I libft.h   -c -o ft_toupper.o ft_toupper.c
gcc -Wall -Wextra -Werror -MMD -I libft.h   -c -o ft_tolower.o ft_tolower.c
gcc -Wall -Wextra -Werror -MMD -I libft.h   -c -o ft_atoi.o ft_atoi.c
 
gcc -Wall -Wextra -Werror -MMD -I libft.h   -c -o ft_strchr.o ft_strchr.c
gcc -Wall -Wextra -Werror -MMD -I libft.h   -c -o ft_strrchr.o ft_strrchr.c
gcc -Wall -Wextra -Werror -MMD -I libft.h   -c -o ft_strnstr.o ft_strnstr.c
gcc -Wall -Wextra -Werror -MMD -I libft.h   -c -o ft_strncmp.o ft_strncmp.c
gcc -Wall -Wextra -Werror -MMD -I libft.h   -c -o ft_calloc.o ft_calloc.c
gcc -Wall -Wextra -Werror -MMD -I libft.h   -c -o ft_strdup.o ft_strdup.c
gcc -Wall -Wextra -Werror -MMD -I libft.h   -c -o ft_substr.o ft_substr.c
gcc -Wall -Wextra -Werror -MMD -I libft.h   -c -o ft_strjoin.o ft_strjoin.c
gcc -Wall -Wextra -Werror -MMD -I libft.h   -c -o ft_strtrim.o ft_strtrim.c
gcc -Wall -Wextra -Werror -MMD -I libft.h   -c -o ft_split.o ft_split.c
gcc -Wall -Wextra -Werror -MMD -I libft.h   -c -o ft_itoa.o ft_itoa.c
gcc -Wall -Wextra -Werror -MMD -I libft.h   -c -o ft_strmapi.o ft_strmapi.c
gcc -Wall -Wextra -Werror -MMD -I libft.h   -c -o ft_putchar_fd.o ft_putchar_fd.c
gcc -Wall -Wextra -Werror -MMD -I libft.h   -c -o ft_putstr_fd.o ft_putstr_fd.c
gcc -Wall -Wextra -Werror -MMD -I libft.h   -c -o ft_putendl_fd.o ft_putendl_fd.c
gcc -Wall -Wextra -Werror -MMD -I libft.h   -c -o ft_putnbr_fd.o ft_putnbr_fd.c
gcc -Wall -Wextra -Werror -MMD -I libft.h   -c -o ft_lstnew.o ft_lstnew.c
gcc -Wall -Wextra -Werror -MMD -I libft.h   -c -o ft_lstadd_front.o ft_lstadd_front.c
gcc -Wall -Wextra -Werror -MMD -I libft.h   -c -o ft_lstsize.o ft_lstsize.c
gcc -Wall -Wextra -Werror -MMD -I libft.h   -c -o ft_lstlast.o ft_lstlast.c
gcc -Wall -Wextra -Werror -MMD -I libft.h   -c -o ft_lstadd_back.o ft_lstadd_back.c
gcc -Wall -Wextra -Werror -MMD -I libft.h   -c -o ft_lstdelone.o ft_lstdelone.c
gcc -Wall -Wextra -Werror -MMD -I libft.h   -c -o ft_lstclear.o ft_lstclear.c
gcc -Wall -Wextra -Werror -MMD -I libft.h   -c -o ft_lstiter.o ft_lstiter.c
gcc -Wall -Wextra -Werror -MMD -I libft.h   -c -o ft_lstmap.o ft_lstmap.c
ar rcs libft.a ft_memset.o ft_bzero.o ft_memcpy.o ft_memccpy.o ft_memmove.o ft_memchr.o ft_memcmp.o ft_strlen.o ft_strlcpy.o ft_strlcat.o ft_isalpha.o ft_isdigit.o ft_isalnum.o ft_isascii.o ft_isprint.o ft_toupper.o ft_tolower.o ft_atoi.o ft_strchr.o ft_strrchr.o ft_strnstr.o ft_strncmp.o ft_calloc.o ft_strdup.o ft_substr.o ft_strjoin.o ft_strtrim.o ft_split.o ft_itoa.o ft_strmapi.o ft_putchar_fd.o ft_putstr_fd.o ft_putendl_fd.o ft_putnbr_fd.o ft_lstnew.o ft_lstadd_front.o ft_lstsize.o ft_lstlast.o ft_lstadd_back.o ft_lstdelone.o ft_lstclear.o ft_lstiter.o ft_lstmap.o
make[1]: Leaving directory `/Users/zurag/CLionProjects/minishell/libft'
 
mv: libft.a: No such file or directory
make: *** [minishell] Error 1
 
make: Leaving directory `/Users/zurag/CLionProjects/minishell'
 
